Arguments: 
  /usr/local/bin/node /Users/jen/.yarn/bin/yarn.js install

PATH: 
  /usr/local/mysql/bin:/opt/homebrew/opt/openssl@3/bin:/Users/jen/opt/anaconda3/bin:/Users/jen/.yarn/bin:/Users/jen/.config/yarn/global/node_modules/.bin:/opt/homebrew/bin:/opt/homebrew/sbin:/opt/local/bin:/opt/local/sbin:/opt/homebrew/bin:/opt/homebrew/sbin:/usr/local/bin:/usr/bin:/bin:/usr/sbin:/sbin:/Library/Apple/usr/bin

Yarn version: 
  1.22.19

Node version: 
  16.17.1

Platform: 
  darwin arm64

Trace: 
  Error: getaddrinfo ENOTFOUND registry.yarnpkg.com
      at GetAddrInfoReqWrap.onlookup [as oncomplete] (node:dns:109:26)

npm manifest: 
  {
    "name": "backend",
    "version": "1.0.0",
    "description": "",
    "main": "app.js",
    "scripts": {
      "start": "node ./bin/www"
    },
    "repository": {
      "type": "git",
      "url": "git+https://github.com/minchenlee/SDM03-Thrifty.git"
    },
    "author": "",
    "license": "ISC",
    "bugs": {
      "url": "https://github.com/minchenlee/SDM03-Thrifty/issues"
    },
    "homepage": "https://github.com/minchenlee/SDM03-Thrifty#readme",
    "dependencies": {
      "axios": "^1.3.4",
      "cookie-parser": "^1.4.6",
      "dotenv": "^16.0.3",
      "express": "^4.18.2",
      "js-yaml": "^4.1.0",
      "mongoose": "^7.0.3",
      "morgan": "^1.10.0",
      "pug": "^3.0.2",
      "swagger-ui-express": "^4.6.2"
    }
  }

yarn manifest: 
  No manifest

Lockfile: 
  No lockfile
